mode: set
github.com/koneksi/mcp-server/cmd/koneksi-mcp-server/main.go:14.13,16.40 1 0
github.com/koneksi/mcp-server/cmd/koneksi-mcp-server/main.go:16.40,18.3 1 0
github.com/koneksi/mcp-server/cmd/koneksi-mcp-server/main.go:21.2,25.19 4 0
github.com/koneksi/mcp-server/cmd/koneksi-mcp-server/main.go:25.19,27.3 1 0
github.com/koneksi/mcp-server/cmd/koneksi-mcp-server/main.go:29.2,29.42 1 0
github.com/koneksi/mcp-server/cmd/koneksi-mcp-server/main.go:29.42,31.3 1 0
github.com/koneksi/mcp-server/cmd/koneksi-mcp-server/main.go:33.2,45.21 6 0
github.com/koneksi/mcp-server/cmd/koneksi-mcp-server/main.go:45.21,48.17 3 0
github.com/koneksi/mcp-server/cmd/koneksi-mcp-server/main.go:48.17,58.12 4 0
github.com/koneksi/mcp-server/cmd/koneksi-mcp-server/main.go:61.3,61.50 1 0
github.com/koneksi/mcp-server/cmd/koneksi-mcp-server/main.go:61.50,63.4 1 0
github.com/koneksi/mcp-server/cmd/koneksi-mcp-server/main.go:66.2,66.38 1 0
github.com/koneksi/mcp-server/cmd/koneksi-mcp-server/main.go:66.38,68.3 1 0
github.com/koneksi/mcp-server/internal/koneksi/client.go:53.77,63.2 1 1
github.com/koneksi/mcp-server/internal/koneksi/client.go:65.124,74.16 5 1
github.com/koneksi/mcp-server/internal/koneksi/client.go:74.16,76.3 1 0
github.com/koneksi/mcp-server/internal/koneksi/client.go:79.2,79.51 1 1
github.com/koneksi/mcp-server/internal/koneksi/client.go:79.51,81.3 1 0
github.com/koneksi/mcp-server/internal/koneksi/client.go:83.2,83.39 1 1
github.com/koneksi/mcp-server/internal/koneksi/client.go:83.39,85.3 1 0
github.com/koneksi/mcp-server/internal/koneksi/client.go:88.2,89.25 2 1
github.com/koneksi/mcp-server/internal/koneksi/client.go:89.25,91.3 1 0
github.com/koneksi/mcp-server/internal/koneksi/client.go:93.2,94.16 2 1
github.com/koneksi/mcp-server/internal/koneksi/client.go:94.16,96.3 1 0
github.com/koneksi/mcp-server/internal/koneksi/client.go:99.2,105.16 5 1
github.com/koneksi/mcp-server/internal/koneksi/client.go:105.16,107.3 1 0
github.com/koneksi/mcp-server/internal/koneksi/client.go:108.2,110.79 2 1
github.com/koneksi/mcp-server/internal/koneksi/client.go:110.79,113.3 2 1
github.com/koneksi/mcp-server/internal/koneksi/client.go:116.2,126.68 2 1
github.com/koneksi/mcp-server/internal/koneksi/client.go:126.68,128.3 1 0
github.com/koneksi/mcp-server/internal/koneksi/client.go:130.2,131.18 2 1
github.com/koneksi/mcp-server/internal/koneksi/client.go:131.18,133.3 1 1
github.com/koneksi/mcp-server/internal/koneksi/client.go:135.2,141.8 1 1
github.com/koneksi/mcp-server/internal/koneksi/client.go:144.69,148.16 3 1
github.com/koneksi/mcp-server/internal/koneksi/client.go:148.16,150.3 1 0
github.com/koneksi/mcp-server/internal/koneksi/client.go:152.2,156.16 4 1
github.com/koneksi/mcp-server/internal/koneksi/client.go:156.16,158.3 1 0
github.com/koneksi/mcp-server/internal/koneksi/client.go:160.2,160.38 1 1
github.com/koneksi/mcp-server/internal/koneksi/client.go:160.38,164.3 3 1
github.com/koneksi/mcp-server/internal/koneksi/client.go:166.2,166.23 1 1
github.com/koneksi/mcp-server/internal/koneksi/client.go:169.61,173.16 3 1
github.com/koneksi/mcp-server/internal/koneksi/client.go:173.16,175.3 1 0
github.com/koneksi/mcp-server/internal/koneksi/client.go:177.2,182.16 5 1
github.com/koneksi/mcp-server/internal/koneksi/client.go:182.16,184.3 1 1
github.com/koneksi/mcp-server/internal/koneksi/client.go:185.2,187.38 2 1
github.com/koneksi/mcp-server/internal/koneksi/client.go:187.38,190.3 2 0
github.com/koneksi/mcp-server/internal/koneksi/client.go:192.2,203.68 2 1
github.com/koneksi/mcp-server/internal/koneksi/client.go:203.68,205.3 1 1
github.com/koneksi/mcp-server/internal/koneksi/client.go:207.2,208.35 2 1
github.com/koneksi/mcp-server/internal/koneksi/client.go:208.35,218.3 2 1
github.com/koneksi/mcp-server/internal/koneksi/client.go:220.2,220.25 1 1
github.com/koneksi/mcp-server/internal/koneksi/client.go:223.88,232.16 4 1
github.com/koneksi/mcp-server/internal/koneksi/client.go:232.16,234.3 1 0
github.com/koneksi/mcp-server/internal/koneksi/client.go:236.2,237.16 2 1
github.com/koneksi/mcp-server/internal/koneksi/client.go:237.16,239.3 1 0
github.com/koneksi/mcp-server/internal/koneksi/client.go:241.2,246.16 5 1
github.com/koneksi/mcp-server/internal/koneksi/client.go:246.16,248.3 1 0
github.com/koneksi/mcp-server/internal/koneksi/client.go:249.2,251.79 2 1
github.com/koneksi/mcp-server/internal/koneksi/client.go:251.79,254.3 2 0
github.com/koneksi/mcp-server/internal/koneksi/client.go:256.2,265.68 2 1
github.com/koneksi/mcp-server/internal/koneksi/client.go:265.68,267.3 1 0
github.com/koneksi/mcp-server/internal/koneksi/client.go:269.2,276.8 2 1
github.com/koneksi/mcp-server/internal/koneksi/client.go:279.76,283.16 3 1
github.com/koneksi/mcp-server/internal/koneksi/client.go:283.16,285.3 1 0
github.com/koneksi/mcp-server/internal/koneksi/client.go:287.2,291.16 4 1
github.com/koneksi/mcp-server/internal/koneksi/client.go:291.16,293.3 1 0
github.com/koneksi/mcp-server/internal/koneksi/client.go:294.2,296.38 2 1
github.com/koneksi/mcp-server/internal/koneksi/client.go:296.38,299.3 2 0
github.com/koneksi/mcp-server/internal/koneksi/client.go:301.2,313.68 2 1
github.com/koneksi/mcp-server/internal/koneksi/client.go:313.68,315.3 1 0
github.com/koneksi/mcp-server/internal/koneksi/client.go:317.2,318.42 2 1
github.com/koneksi/mcp-server/internal/koneksi/client.go:318.42,326.3 1 1
github.com/koneksi/mcp-server/internal/koneksi/client.go:328.2,328.19 1 1
github.com/koneksi/mcp-server/internal/mcp/server.go:20.70,26.2 1 1
github.com/koneksi/mcp-server/internal/mcp/server.go:28.72,34.16 4 1
github.com/koneksi/mcp-server/internal/mcp/server.go:35.20,36.32 1 1
github.com/koneksi/mcp-server/internal/mcp/server.go:37.20,38.31 1 1
github.com/koneksi/mcp-server/internal/mcp/server.go:39.20,40.38 1 1
github.com/koneksi/mcp-server/internal/mcp/server.go:41.10,42.55 1 1
github.com/koneksi/mcp-server/internal/mcp/server.go:46.72,61.2 1 1
github.com/koneksi/mcp-server/internal/mcp/server.go:63.71,180.2 2 1
github.com/koneksi/mcp-server/internal/mcp/server.go:182.91,187.65 4 1
github.com/koneksi/mcp-server/internal/mcp/server.go:187.65,189.3 1 1
github.com/koneksi/mcp-server/internal/mcp/server.go:191.2,194.18 3 1
github.com/koneksi/mcp-server/internal/mcp/server.go:195.21,196.40 1 1
github.com/koneksi/mcp-server/internal/mcp/server.go:197.23,198.42 1 1
github.com/koneksi/mcp-server/internal/mcp/server.go:199.26,200.36 1 1
github.com/koneksi/mcp-server/internal/mcp/server.go:201.26,202.45 1 1
github.com/koneksi/mcp-server/internal/mcp/server.go:203.22,204.41 1 1
github.com/koneksi/mcp-server/internal/mcp/server.go:205.21,206.40 1 0
github.com/koneksi/mcp-server/internal/mcp/server.go:207.10,208.55 1 1
github.com/koneksi/mcp-server/internal/mcp/server.go:211.2,211.16 1 1
github.com/koneksi/mcp-server/internal/mcp/server.go:211.16,213.3 1 1
github.com/koneksi/mcp-server/internal/mcp/server.go:215.2,219.8 1 1
github.com/koneksi/mcp-server/internal/mcp/server.go:222.79,224.9 2 1
github.com/koneksi/mcp-server/internal/mcp/server.go:224.9,226.3 1 1
github.com/koneksi/mcp-server/internal/mcp/server.go:228.2,232.16 3 1
github.com/koneksi/mcp-server/internal/mcp/server.go:232.16,234.3 1 0
github.com/koneksi/mcp-server/internal/mcp/server.go:235.2,238.16 3 1
github.com/koneksi/mcp-server/internal/mcp/server.go:238.16,240.3 1 0
github.com/koneksi/mcp-server/internal/mcp/server.go:243.2,243.23 1 1
github.com/koneksi/mcp-server/internal/mcp/server.go:243.23,245.3 1 0
github.com/koneksi/mcp-server/internal/mcp/server.go:248.2,249.16 2 1
github.com/koneksi/mcp-server/internal/mcp/server.go:249.16,251.3 1 0
github.com/koneksi/mcp-server/internal/mcp/server.go:253.2,263.8 2 1
github.com/koneksi/mcp-server/internal/mcp/server.go:266.81,268.9 2 1
github.com/koneksi/mcp-server/internal/mcp/server.go:268.9,270.3 1 1
github.com/koneksi/mcp-server/internal/mcp/server.go:272.2,273.9 2 1
github.com/koneksi/mcp-server/internal/mcp/server.go:273.9,275.3 1 1
github.com/koneksi/mcp-server/internal/mcp/server.go:278.2,279.16 2 1
github.com/koneksi/mcp-server/internal/mcp/server.go:279.16,281.3 1 0
github.com/koneksi/mcp-server/internal/mcp/server.go:282.2,286.47 3 1
github.com/koneksi/mcp-server/internal/mcp/server.go:286.47,288.3 1 0
github.com/koneksi/mcp-server/internal/mcp/server.go:291.2,292.16 2 1
github.com/koneksi/mcp-server/internal/mcp/server.go:292.16,294.3 1 0
github.com/koneksi/mcp-server/internal/mcp/server.go:295.2,299.16 3 1
github.com/koneksi/mcp-server/internal/mcp/server.go:299.16,301.3 1 0
github.com/koneksi/mcp-server/internal/mcp/server.go:303.2,312.8 2 1
github.com/koneksi/mcp-server/internal/mcp/server.go:315.57,317.16 2 1
github.com/koneksi/mcp-server/internal/mcp/server.go:317.16,319.3 1 0
github.com/koneksi/mcp-server/internal/mcp/server.go:321.2,322.34 2 1
github.com/koneksi/mcp-server/internal/mcp/server.go:322.34,325.3 1 1
github.com/koneksi/mcp-server/internal/mcp/server.go:327.2,334.8 1 1
github.com/koneksi/mcp-server/internal/mcp/server.go:337.84,339.9 2 1
github.com/koneksi/mcp-server/internal/mcp/server.go:339.9,341.3 1 1
github.com/koneksi/mcp-server/internal/mcp/server.go:343.2,346.16 3 1
github.com/koneksi/mcp-server/internal/mcp/server.go:346.16,348.3 1 0
github.com/koneksi/mcp-server/internal/mcp/server.go:350.2,360.8 2 1
github.com/koneksi/mcp-server/internal/mcp/server.go:363.80,365.9 2 1
github.com/koneksi/mcp-server/internal/mcp/server.go:365.9,367.3 1 1
github.com/koneksi/mcp-server/internal/mcp/server.go:369.2,370.16 2 1
github.com/koneksi/mcp-server/internal/mcp/server.go:370.16,372.3 1 0
github.com/koneksi/mcp-server/internal/mcp/server.go:374.2,375.29 2 1
github.com/koneksi/mcp-server/internal/mcp/server.go:375.29,377.3 1 1
github.com/koneksi/mcp-server/internal/mcp/server.go:379.2,386.8 1 1
github.com/koneksi/mcp-server/internal/mcp/server.go:389.79,391.9 2 0
github.com/koneksi/mcp-server/internal/mcp/server.go:391.9,393.3 1 0
github.com/koneksi/mcp-server/internal/mcp/server.go:395.2,405.16 6 0
github.com/koneksi/mcp-server/internal/mcp/server.go:405.16,407.3 1 0
github.com/koneksi/mcp-server/internal/mcp/server.go:408.2,411.16 3 0
github.com/koneksi/mcp-server/internal/mcp/server.go:411.16,413.3 1 0
github.com/koneksi/mcp-server/internal/mcp/server.go:415.2,415.23 1 0
github.com/koneksi/mcp-server/internal/mcp/server.go:415.23,417.3 1 0
github.com/koneksi/mcp-server/internal/mcp/server.go:419.2,420.14 2 0
github.com/koneksi/mcp-server/internal/mcp/server.go:420.14,422.3 1 0
github.com/koneksi/mcp-server/internal/mcp/server.go:423.2,423.13 1 0
github.com/koneksi/mcp-server/internal/mcp/server.go:423.13,425.3 1 0
github.com/koneksi/mcp-server/internal/mcp/server.go:427.2,428.16 2 0
github.com/koneksi/mcp-server/internal/mcp/server.go:428.16,430.3 1 0
github.com/koneksi/mcp-server/internal/mcp/server.go:432.2,435.38 2 0
github.com/koneksi/mcp-server/internal/mcp/server.go:435.38,437.3 1 0
github.com/koneksi/mcp-server/internal/mcp/server.go:439.2,446.8 1 0
